<?xml version="1.0" encoding="UTF-8"?>
<!-- Generated by org.testng.reporters.JUnitXMLReporter -->
<testsuite hostname="PrasadSiva" name="Command line test" tests="6" failures="0" timestamp="24 Feb 2019 18:08:50 GMT" time="0.047" errors="0">
  <testcase name="IOsApp" time="0.0" classname="PracAcademy.AppiumTest"/>
  <testcase name="NativeAndroid" time="0.016" classname="PracAcademy.AppiumTest"/>
  <testcase name="postjira" time="0.0" classname="PracAcademy.RestAPITest"/>
  <testcase name="twitterdelete" time="0.0" classname="PracAcademy.RestAPITest"/>
  <testcase name="BrowserAutomation" time="0.0" classname="PracAcademy.SeleniumTest"/>
  <testcase name="elemntsUI" time="0.0" classname="PracAcademy.SeleniumTest"/>
</testsuite> <!-- Command line test -->
